<?xml version="1.0" encoding="UTF-8"?>
<testng-results skipped="0" failed="0" ignored="0" total="1" passed="1">
  <reporter-output>
  </reporter-output>
  <suite name="Default suite" duration-ms="3369" started-at="2018-07-09T08:10:51Z" finished-at="2018-07-09T08:10:55Z">
    <groups>
    </groups>
    <test name="Default test" duration-ms="3369" started-at="2018-07-09T08:10:51Z" finished-at="2018-07-09T08:10:55Z">
      <class name="Test.TestWebSite">
        <test-method status="PASS" signature="Open_chrome_browser()[pri:0, instance:Test.TestWebSite@42d8062c]" name="Open_chrome_browser" is-config="true" duration-ms="3146" started-at="2018-07-09T08:10:51Z" finished-at="2018-07-09T08:10:55Z">
          <reporter-output>
          </reporter-output>
        </test-method> <!-- Open_chrome_browser -->
        <test-method status="PASS" signature="Click_On_Broken_Images_Link()[pri:0, instance:Test.TestWebSite@42d8062c]" name="Click_On_Broken_Images_Link" duration-ms="202" started-at="2018-07-09T08:10:55Z" finished-at="2018-07-09T08:10:55Z">
          <reporter-output>
          </reporter-output>
        </test-method> <!-- Click_On_Broken_Images_Link -->
      </class> <!-- Test.TestWebSite -->
    </test> <!-- Default test -->
  </suite> <!-- Default suite -->
</testng-results>
